{"C:\\Users\\demis.silva\\Documents\\programming\\trilha-react\\challenges\\todo-list\\src\\App.tsx": {"path":"C:\\Users\\demis.silva\\Documents\\programming\\trilha-react\\challenges\\todo-list\\src\\App.tsx","statementMap":{"0":{"start":{"line":19,"column":34},"end":{"line":19,"column":46}},"1":{"start":{"line":20,"column":28},"end":{"line":20,"column":53}},"2":{"start":{"line":21,"column":52},"end":{"line":21,"column":67}},"3":{"start":{"line":24,"column":4},"end":{"line":24,"column":22}},"4":{"start":{"line":26,"column":4},"end":{"line":26,"column":32}},"5":{"start":{"line":26,"column":26},"end":{"line":26,"column":32}},"6":{"start":{"line":28,"column":20},"end":{"line":32,"column":5}},"7":{"start":{"line":34,"column":4},"end":{"line":34,"column":33}},"8":{"start":{"line":35,"column":4},"end":{"line":35,"column":19}},"9":{"start":{"line":39,"column":4},"end":{"line":39,"column":55}},"10":{"start":{"line":39,"column":38},"end":{"line":39,"column":52}},"11":{"start":{"line":43,"column":19},"end":{"line":43,"column":24}},"12":{"start":{"line":45,"column":4},"end":{"line":49,"column":6}},"13":{"start":{"line":46,"column":6},"end":{"line":48,"column":7}},"14":{"start":{"line":47,"column":8},"end":{"line":47,"column":34}},"15":{"start":{"line":51,"column":4},"end":{"line":51,"column":27}},"16":{"start":{"line":55,"column":4},"end":{"line":55,"column":31}},"17":{"start":{"line":59,"column":4},"end":{"line":59,"column":41}},"18":{"start":{"line":59,"column":34},"end":{"line":59,"column":40}},"19":{"start":{"line":62,"column":26},"end":{"line":62,"column":44}},"20":{"start":{"line":63,"column":23},"end":{"line":63,"column":35}},"21":{"start":{"line":64,"column":25},"end":{"line":64,"column":65}},"22":{"start":{"line":64,"column":46},"end":{"line":64,"column":57}},"23":{"start":{"line":66,"column":2},"end":{"line":134,"column":3}},"24":{"start":{"line":111,"column":14},"end":{"line":128,"column":19}},"25":{"start":{"line":112,"column":39},"end":{"line":112,"column":67}},"26":{"start":{"line":126,"column":33},"end":{"line":126,"column":58}}},"fnMap":{"0":{"name":"App","decl":{"start":{"line":18,"column":9},"end":{"line":18,"column":12}},"loc":{"start":{"line":18,"column":15},"end":{"line":135,"column":1}},"line":18},"1":{"name":"handleCreateNewTodo","decl":{"start":{"line":23,"column":11},"end":{"line":23,"column":30}},"loc":{"start":{"line":23,"column":45},"end":{"line":36,"column":3}},"line":23},"2":{"name":"handleDeleteTodo","decl":{"start":{"line":38,"column":11},"end":{"line":38,"column":27}},"loc":{"start":{"line":38,"column":40},"end":{"line":40,"column":3}},"line":38},"3":{"name":"(anonymous_3)","decl":{"start":{"line":39,"column":30},"end":{"line":39,"column":31}},"loc":{"start":{"line":39,"column":38},"end":{"line":39,"column":52}},"line":39},"4":{"name":"handleCompletedTodo","decl":{"start":{"line":42,"column":11},"end":{"line":42,"column":30}},"loc":{"start":{"line":42,"column":43},"end":{"line":52,"column":3}},"line":42},"5":{"name":"(anonymous_5)","decl":{"start":{"line":45,"column":21},"end":{"line":45,"column":22}},"loc":{"start":{"line":45,"column":29},"end":{"line":49,"column":5}},"line":45},"6":{"name":"handleTodoTextChange","decl":{"start":{"line":54,"column":11},"end":{"line":54,"column":31}},"loc":{"start":{"line":54,"column":66},"end":{"line":56,"column":3}},"line":54},"7":{"name":"handleChangePlaceholderText","decl":{"start":{"line":58,"column":11},"end":{"line":58,"column":38}},"loc":{"start":{"line":58,"column":41},"end":{"line":60,"column":3}},"line":58},"8":{"name":"(anonymous_8)","decl":{"start":{"line":59,"column":25},"end":{"line":59,"column":26}},"loc":{"start":{"line":59,"column":34},"end":{"line":59,"column":40}},"line":59},"9":{"name":"(anonymous_9)","decl":{"start":{"line":64,"column":38},"end":{"line":64,"column":39}},"loc":{"start":{"line":64,"column":46},"end":{"line":64,"column":57}},"line":64},"10":{"name":"(anonymous_10)","decl":{"start":{"line":110,"column":23},"end":{"line":110,"column":24}},"loc":{"start":{"line":111,"column":14},"end":{"line":128,"column":19}},"line":111},"11":{"name":"(anonymous_11)","decl":{"start":{"line":112,"column":33},"end":{"line":112,"column":34}},"loc":{"start":{"line":112,"column":39},"end":{"line":112,"column":67}},"line":112},"12":{"name":"(anonymous_12)","decl":{"start":{"line":126,"column":27},"end":{"line":126,"column":28}},"loc":{"start":{"line":126,"column":33},"end":{"line":126,"column":58}},"line":126}},"branchMap":{"0":{"loc":{"start":{"line":26,"column":4},"end":{"line":26,"column":32}},"type":"if","locations":[{"start":{"line":26,"column":4},"end":{"line":26,"column":32}},{"start":{},"end":{}}],"line":26},"1":{"loc":{"start":{"line":46,"column":6},"end":{"line":48,"column":7}},"type":"if","locations":[{"start":{"line":46,"column":6},"end":{"line":48,"column":7}},{"start":{},"end":{}}],"line":46},"2":{"loc":{"start":{"line":76,"column":25},"end":{"line":76,"column":97}},"type":"cond-expr","locations":[{"start":{"line":76,"column":45},"end":{"line":76,"column":68}},{"start":{"line":76,"column":71},"end":{"line":76,"column":97}}],"line":76},"3":{"loc":{"start":{"line":96,"column":21},"end":{"line":96,"column":95}},"type":"cond-expr","locations":[{"start":{"line":96,"column":42},"end":{"line":96,"column":54}},{"start":{"line":96,"column":57},"end":{"line":96,"column":95}}],"line":96},"4":{"loc":{"start":{"line":101,"column":9},"end":{"line":131,"column":9}},"type":"cond-expr","locations":[{"start":{"line":102,"column":10},"end":{"line":107,"column":16}},{"start":{"line":109,"column":10},"end":{"line":130,"column":15}}],"line":101},"5":{"loc":{"start":{"line":113,"column":19},"end":{"line":117,"column":19}},"type":"cond-expr","locations":[{"start":{"line":114,"column":20},"end":{"line":114,"column":91}},{"start":{"line":116,"column":20},"end":{"line":116,"column":97}}],"line":113},"6":{"loc":{"start":{"line":120,"column":30},"end":{"line":120,"column":67}},"type":"cond-expr","locations":[{"start":{"line":120,"column":44},"end":{"line":120,"column":62}},{"start":{"line":120,"column":65},"end":{"line":120,"column":67}}],"line":120}},"s":{"0":17,"1":17,"2":17,"3":4,"4":4,"5":1,"6":3,"7":3,"8":3,"9":1,"10":1,"11":1,"12":1,"13":1,"14":1,"15":1,"16":4,"17":1,"18":1,"19":17,"20":17,"21":17,"22":4,"23":17,"24":4,"25":1,"26":1},"f":{"0":17,"1":4,"2":1,"3":1,"4":1,"5":1,"6":4,"7":1,"8":1,"9":4,"10":4,"11":1,"12":1},"b":{"0":[1,3],"1":[1,0],"2":[1,16],"3":[13,4],"4":[13,4],"5":[1,3],"6":[1,3]},"_coverageSchema":"1a1c01bbd47fc00a2c39e90264f33305004495a9","hash":"1aa52bc1633b0289d974975df8d6630d4f1d4b57"}
}
