{"C:\\Users\\demis.silva\\Documents\\programming\\trilha-react\\challenges\\todo-list\\src\\App.tsx": {"path":"C:\\Users\\demis.silva\\Documents\\programming\\trilha-react\\challenges\\todo-list\\src\\App.tsx","statementMap":{"0":{"start":{"line":21,"column":33},"end":{"line":25,"column":4}},"1":{"start":{"line":27,"column":49},"end":{"line":27,"column":59}},"2":{"start":{"line":30,"column":4},"end":{"line":30,"column":22}},"3":{"start":{"line":32,"column":4},"end":{"line":32,"column":32}},"4":{"start":{"line":32,"column":26},"end":{"line":32,"column":32}},"5":{"start":{"line":34,"column":27},"end":{"line":38,"column":5}},"6":{"start":{"line":40,"column":4},"end":{"line":40,"column":42}},"7":{"start":{"line":44,"column":4},"end":{"line":44,"column":34}},"8":{"start":{"line":48,"column":4},"end":{"line":48,"column":36}},"9":{"start":{"line":52,"column":4},"end":{"line":52,"column":50}},"10":{"start":{"line":56,"column":4},"end":{"line":56,"column":39}},"11":{"start":{"line":59,"column":26},"end":{"line":59,"column":44}},"12":{"start":{"line":60,"column":23},"end":{"line":60,"column":35}},"13":{"start":{"line":61,"column":25},"end":{"line":61,"column":67}},"14":{"start":{"line":61,"column":48},"end":{"line":61,"column":59}},"15":{"start":{"line":63,"column":2},"end":{"line":149,"column":3}},"16":{"start":{"line":116,"column":14},"end":{"line":143,"column":19}},"17":{"start":{"line":117,"column":39},"end":{"line":117,"column":67}},"18":{"start":{"line":141,"column":33},"end":{"line":141,"column":58}}},"fnMap":{"0":{"name":"App","decl":{"start":{"line":20,"column":9},"end":{"line":20,"column":12}},"loc":{"start":{"line":20,"column":15},"end":{"line":150,"column":1}},"line":20},"1":{"name":"handleCreateNewTodo","decl":{"start":{"line":29,"column":11},"end":{"line":29,"column":30}},"loc":{"start":{"line":29,"column":45},"end":{"line":41,"column":3}},"line":29},"2":{"name":"handleDeleteTodo","decl":{"start":{"line":43,"column":11},"end":{"line":43,"column":27}},"loc":{"start":{"line":43,"column":40},"end":{"line":45,"column":3}},"line":43},"3":{"name":"handleCompletedTodo","decl":{"start":{"line":47,"column":11},"end":{"line":47,"column":30}},"loc":{"start":{"line":47,"column":43},"end":{"line":49,"column":3}},"line":47},"4":{"name":"handleTodoTextChange","decl":{"start":{"line":51,"column":11},"end":{"line":51,"column":31}},"loc":{"start":{"line":51,"column":66},"end":{"line":53,"column":3}},"line":51},"5":{"name":"handleChangePlaceholderText","decl":{"start":{"line":55,"column":11},"end":{"line":55,"column":38}},"loc":{"start":{"line":55,"column":41},"end":{"line":57,"column":3}},"line":55},"6":{"name":"(anonymous_6)","decl":{"start":{"line":61,"column":38},"end":{"line":61,"column":39}},"loc":{"start":{"line":61,"column":48},"end":{"line":61,"column":59}},"line":61},"7":{"name":"(anonymous_7)","decl":{"start":{"line":115,"column":23},"end":{"line":115,"column":24}},"loc":{"start":{"line":116,"column":14},"end":{"line":143,"column":19}},"line":116},"8":{"name":"(anonymous_8)","decl":{"start":{"line":117,"column":33},"end":{"line":117,"column":34}},"loc":{"start":{"line":117,"column":39},"end":{"line":117,"column":67}},"line":117},"9":{"name":"(anonymous_9)","decl":{"start":{"line":141,"column":27},"end":{"line":141,"column":28}},"loc":{"start":{"line":141,"column":33},"end":{"line":141,"column":58}},"line":141}},"branchMap":{"0":{"loc":{"start":{"line":32,"column":4},"end":{"line":32,"column":32}},"type":"if","locations":[{"start":{"line":32,"column":4},"end":{"line":32,"column":32}},{"start":{},"end":{}}],"line":32},"1":{"loc":{"start":{"line":74,"column":14},"end":{"line":76,"column":44}},"type":"cond-expr","locations":[{"start":{"line":75,"column":18},"end":{"line":75,"column":41}},{"start":{"line":76,"column":18},"end":{"line":76,"column":44}}],"line":74},"2":{"loc":{"start":{"line":98,"column":17},"end":{"line":100,"column":58}},"type":"cond-expr","locations":[{"start":{"line":99,"column":20},"end":{"line":99,"column":32}},{"start":{"line":100,"column":20},"end":{"line":100,"column":58}}],"line":98},"3":{"loc":{"start":{"line":106,"column":9},"end":{"line":146,"column":9}},"type":"cond-expr","locations":[{"start":{"line":107,"column":10},"end":{"line":112,"column":16}},{"start":{"line":114,"column":10},"end":{"line":145,"column":15}}],"line":106},"4":{"loc":{"start":{"line":118,"column":19},"end":{"line":130,"column":19}},"type":"cond-expr","locations":[{"start":{"line":119,"column":20},"end":{"line":123,"column":22}},{"start":{"line":125,"column":20},"end":{"line":129,"column":22}}],"line":118},"5":{"loc":{"start":{"line":133,"column":30},"end":{"line":133,"column":67}},"type":"cond-expr","locations":[{"start":{"line":133,"column":44},"end":{"line":133,"column":62}},{"start":{"line":133,"column":65},"end":{"line":133,"column":67}}],"line":133}},"s":{"0":17,"1":17,"2":4,"3":4,"4":1,"5":3,"6":3,"7":1,"8":1,"9":4,"10":1,"11":17,"12":17,"13":17,"14":4,"15":17,"16":4,"17":1,"18":1},"f":{"0":17,"1":4,"2":1,"3":1,"4":4,"5":1,"6":4,"7":4,"8":1,"9":1},"b":{"0":[1,3],"1":[1,16],"2":[13,4],"3":[13,4],"4":[1,3],"5":[1,3]},"_coverageSchema":"1a1c01bbd47fc00a2c39e90264f33305004495a9","hash":"6e05a2406db449454c0592dfc225e35964c0ec16"}
}
