TN:
SF:src\App.tsx
FN:20,App
FN:29,handleCreateNewTodo
FN:43,handleDeleteTodo
FN:47,handleCompletedTodo
FN:51,handleTodoTextChange
FN:55,handleChangePlaceholderText
FN:61,(anonymous_6)
FN:115,(anonymous_7)
FN:117,(anonymous_8)
FN:141,(anonymous_9)
FNF:10
FNH:10
FNDA:17,App
FNDA:4,handleCreateNewTodo
FNDA:1,handleDeleteTodo
FNDA:1,handleCompletedTodo
FNDA:4,handleTodoTextChange
FNDA:1,handleChangePlaceholderText
FNDA:4,(anonymous_6)
FNDA:4,(anonymous_7)
FNDA:1,(anonymous_8)
FNDA:1,(anonymous_9)
DA:21,17
DA:27,17
DA:30,4
DA:32,4
DA:34,3
DA:40,3
DA:44,1
DA:48,1
DA:52,4
DA:56,1
DA:59,17
DA:60,17
DA:61,17
DA:63,17
DA:116,4
DA:117,1
DA:141,1
LF:17
LH:17
BRDA:32,0,0,1
BRDA:32,0,1,3
BRDA:74,1,0,1
BRDA:74,1,1,16
BRDA:98,2,0,13
BRDA:98,2,1,4
BRDA:106,3,0,13
BRDA:106,3,1,4
BRDA:118,4,0,1
BRDA:118,4,1,3
BRDA:133,5,0,1
BRDA:133,5,1,3
BRF:12
BRH:12
end_of_record
