TN:
SF:src\App.tsx
FN:18,App
FN:23,handleCreateNewTodo
FN:38,handleDeleteTodo
FN:39,(anonymous_3)
FN:42,handleCompletedTodo
FN:45,(anonymous_5)
FN:54,handleTodoTextChange
FN:58,handleChangePlaceholderText
FN:59,(anonymous_8)
FN:64,(anonymous_9)
FN:110,(anonymous_10)
FN:112,(anonymous_11)
FN:126,(anonymous_12)
FNF:13
FNH:13
FNDA:17,App
FNDA:4,handleCreateNewTodo
FNDA:1,handleDeleteTodo
FNDA:1,(anonymous_3)
FNDA:1,handleCompletedTodo
FNDA:1,(anonymous_5)
FNDA:4,handleTodoTextChange
FNDA:1,handleChangePlaceholderText
FNDA:1,(anonymous_8)
FNDA:4,(anonymous_9)
FNDA:4,(anonymous_10)
FNDA:1,(anonymous_11)
FNDA:1,(anonymous_12)
DA:19,17
DA:20,17
DA:21,17
DA:24,4
DA:26,4
DA:28,3
DA:34,3
DA:35,3
DA:39,1
DA:43,1
DA:45,1
DA:46,1
DA:47,1
DA:51,1
DA:55,4
DA:59,1
DA:62,17
DA:63,17
DA:64,17
DA:66,17
DA:111,4
DA:112,1
DA:126,1
LF:23
LH:23
BRDA:26,0,0,1
BRDA:26,0,1,3
BRDA:46,1,0,1
BRDA:46,1,1,0
BRDA:76,2,0,1
BRDA:76,2,1,16
BRDA:96,3,0,13
BRDA:96,3,1,4
BRDA:101,4,0,13
BRDA:101,4,1,4
BRDA:113,5,0,1
BRDA:113,5,1,3
BRDA:120,6,0,1
BRDA:120,6,1,3
BRF:14
BRH:13
end_of_record
